Arguments: 
  C:\Program Files\nodejs\node.exe C:\Program Files (x86)\Yarn\bin\yarn.js add -D svelte-headless-table

PATH: 
  C:\Users\kaibalya.neosoft\bin;C:\Users\kaibalya.neosoft\AppData\Local\Programs\Git\mingw64\bin;C:\Users\kaibalya.neosoft\AppData\Local\Programs\Git\usr\local\bin;C:\Users\kaibalya.neosoft\AppData\Local\Programs\Git\usr\bin;C:\Users\kaibalya.neosoft\AppData\Local\Programs\Git\usr\bin;C:\Users\kaibalya.neosoft\AppData\Local\Programs\Git\mingw64\bin;C:\Users\kaibalya.neosoft\AppData\Local\Programs\Git\usr\bin;C:\Users\kaibalya.neosoft\bin;C:\Windows\system32;C:\Windows;C:\Windows\System32\Wbem;C:\Windows\System32\WindowsPowerShell\v1.0;C:\Windows\System32\OpenSSH;C:\Program Files\nodejs;C:\Program Files\Docker\Docker\resources\bin;C:\Program Files (x86)\Yarn\bin;C:\Users\kaibalya.neosoft\AppData\Local\Microsoft\WindowsApps;C:\Users\kaibalya.neosoft\AppData\Roaming\npm;C:\Users\kaibalya.neosoft\AppData\Local\Programs\Microsoft VS Code\bin;C:\Users\kaibalya.neosoft\AppData\Local\Programs\Git\cmd;C:\Users\kaibalya.neosoft\AppData\Local\Yarn\bin;C:\Users\kaibalya.neosoft\AppData\Local\Microsoft\WinGet\Packages\pnpm.pnpm_Microsoft.Winget.Source_8wekyb3d8bbwe;C:\Users\kaibalya.neosoft\AppData\Local\Programs\Git\usr\bin\vendor_perl;C:\Users\kaibalya.neosoft\AppData\Local\Programs\Git\usr\bin\core_perl

Yarn version: 
  1.22.19

Node version: 
  20.10.0

Platform: 
  win32 x64

Trace: 
  Error: EPERM: operation not permitted, unlink 'C:\Users\kaibalya.neosoft\Desktop\KD\cms\node_modules\@rollup\rollup-win32-x64-msvc\rollup.win32-x64-msvc.node'

npm manifest: 
  {
  	"name": "cms",
  	"version": "0.0.1",
  	"private": true,
  	"scripts": {
  		"dev": "vite dev",
  		"build": "vite build",
  		"preview": "vite preview",
  		"check": "svelte-kit sync && svelte-check --tsconfig ./tsconfig.json",
  		"check:watch": "svelte-kit sync && svelte-check --tsconfig ./tsconfig.json --watch",
  		"lint": "prettier --check . && eslint .",
  		"format": "prettier --write ."
  	},
  	"devDependencies": {
  		"@sveltejs/adapter-auto": "^3.0.0",
  		"@sveltejs/kit": "^2.0.0",
  		"@sveltejs/vite-plugin-svelte": "^3.0.0",
  		"@types/eslint": "8.56.0",
  		"@types/node": "^20.11.15",
  		"@typescript-eslint/eslint-plugin": "^6.0.0",
  		"@typescript-eslint/parser": "^6.0.0",
  		"autoprefixer": "^10.4.16",
  		"eslint": "^8.56.0",
  		"eslint-config-prettier": "^9.1.0",
  		"eslint-plugin-svelte": "^2.35.1",
  		"postcss": "^8.4.32",
  		"postcss-load-config": "^5.0.2",
  		"prettier": "^3.1.1",
  		"prettier-plugin-svelte": "^3.1.2",
  		"prettier-plugin-tailwindcss": "^0.5.9",
  		"prisma": "^5.9.0",
  		"svelte": "^4.2.7",
  		"svelte-check": "^3.6.0",
  		"svelte-headless-table": "^0.18.2",
  		"tailwindcss": "^3.3.6",
  		"ts-node": "^10.9.2",
  		"tslib": "^2.4.1",
  		"typescript": "^5.0.0",
  		"vite": "^5.0.3"
  	},
  	"type": "module",
  	"dependencies": {
  		"@prisma/client": "^5.9.0",
  		"bits-ui": "^0.16.0",
  		"clsx": "^2.1.0",
  		"formsnap": "^0.4.3",
  		"radix-icons-svelte": "^1.2.1",
  		"sveltekit-superforms": "^1.13.4",
  		"tailwind-merge": "^2.2.1",
  		"tailwind-variants": "^0.1.20",
  		"zod": "^3.22.4"
  	}
  }

yarn manifest: 
  No manifest

Lockfile: 
  No lockfile
